Microsoft (R) Macro Assembler Version 14.28.29333.0	    03/01/21 21:43:09
AddTwoProgram_DemetriusJohnson.asm			     Page 1 - 1


				; AddTwo.asm - adds two 32-bit integers.
				; Chapter 3 example

				.386
				.model flat,stdcall
				.stack 4096
				ExitProcess proto,dwExitCode:dword


 00000000			.data
 00000000 0000001E			A DWORD 30 ;initalize variable A to 30d
 00000004 00000014			B DWORD 20 ;initialize variable B to 20d
 00000008 0000000A			C1 DWORD 10 ;intialize variable C1 to 10d
 0000000C 00000005			D DWORD 5 ;initialize variable D to 5d


 00000000			.code
 00000000			main proc
 00000000  B8 00000005			mov	eax,5				
 00000005  83 C0 06			add	eax,6				

					invoke ExitProcess,0
 00000008  6A 00	   *	    push   +000000000h
 0000000A  E8 00000000 E   *	    call   ExitProcess
 0000000F			main endp
				end main
Microsoft (R) Macro Assembler Version 14.28.29333.0	    03/01/21 21:43:09
AddTwoProgram_DemetriusJohnson.asm			     Symbols 2 - 1




Segments and Groups:

                N a m e                 Size     Length   Align   Combine Class

FLAT . . . . . . . . . . . . . .	GROUP
STACK  . . . . . . . . . . . . .	32 Bit	 00001000 DWord	  Stack	  'STACK'	 
_DATA  . . . . . . . . . . . . .	32 Bit	 00000010 DWord	  Public  'DATA'	
_TEXT  . . . . . . . . . . . . .	32 Bit	 0000000F DWord	  Public  'CODE'	


Procedures, parameters, and locals:

                N a m e                 Type     Value    Attr

ExitProcess  . . . . . . . . . .	P Near	 00000000 FLAT	Length= 00000000 External STDCALL
main . . . . . . . . . . . . . .	P Near	 00000000 _TEXT	Length= 0000000F Public STDCALL


Symbols:

                N a m e                 Type     Value    Attr

@CodeSize  . . . . . . . . . . .	Number	 00000000h   
@DataSize  . . . . . . . . . . .	Number	 00000000h   
@Interface . . . . . . . . . . .	Number	 00000003h   
@Model . . . . . . . . . . . . .	Number	 00000007h   
@code  . . . . . . . . . . . . .	Text   	 _TEXT
@data  . . . . . . . . . . . . .	Text   	 FLAT
@fardata?  . . . . . . . . . . .	Text   	 FLAT
@fardata . . . . . . . . . . . .	Text   	 FLAT
@stack . . . . . . . . . . . . .	Text   	 FLAT
A  . . . . . . . . . . . . . . .	DWord	 00000000 _DATA	
B  . . . . . . . . . . . . . . .	DWord	 00000004 _DATA	
C1 . . . . . . . . . . . . . . .	DWord	 00000008 _DATA	
D  . . . . . . . . . . . . . . .	DWord	 0000000C _DATA	

	   0 Warnings
	   0 Errors
